[01:24:09] [Server thread/INFO]: D A T U[/125.160.97.131:4210] logged in with entity id 28782 at (-343.4490654859157, 64.0, 302.69999998807907)
[01:24:09] [Server thread/INFO]: D A T U joined the game
[01:33:53] [Server thread/INFO]: <kim> kuliah woi, jgn main
[01:37:46] [Server thread/INFO]: <kim> hai
[01:37:52] [Server thread/INFO]: <D A T U> HAY
[01:53:55] [Server thread/INFO]: Shikimime[/125.167.253.64:58574] logged in with entity id 33965 at (-366.7322623258891, 70.0, 283.45041616049446)
[01:53:55] [Server thread/INFO]: Shikimime joined the game
[01:54:24] [Server thread/INFO]: <kim> anda siapa?
[01:54:33] [Server thread/INFO]: <Shikimime> bagi pancing
[01:55:57] [Server thread/INFO]: <kim> ada batu gk?
[01:56:47] [Server thread/INFO]: <kim> put
[01:57:08] [Server thread/INFO]: <D A T U> ada rasa nya
[01:57:16] [Server thread/INFO]: <kim> sini put
[01:57:19] [Server thread/INFO]: <kim> udh malam
[01:57:22] [Server thread/INFO]: <kim> jgn diluar
[01:57:57] [Server thread/INFO]: D A T U lost connection: Timed out
[01:57:57] [Server thread/INFO]: D A T U left the game
[01:57:57] [Server thread/WARN]: handleDisconnection() called twice
[01:58:11] [Server thread/INFO]: D A T U[/125.160.97.131:1166] logged in with entity id 34605 at (-365.17049288471804, 67.0, 306.55045057799293)
[01:58:11] [Server thread/INFO]: D A T U joined the game
[01:58:32] [Server thread/INFO]: <Shikimime> guring oyy
[01:58:42] [Server thread/INFO]: D A T U lost connection: Timed out
[01:58:42] [Server thread/INFO]: D A T U left the game
[01:59:03] [Server thread/INFO]: D A T U[/125.160.97.131:1170] logged in with entity id 34692 at (-365.17049288471804, 67.0, 306.55045057799293)
[01:59:03] [Server thread/INFO]: D A T U joined the game
[01:59:26] [Server thread/INFO]: <kim> wkwkwk
[01:59:30] [Server thread/INFO]: D A T U lost connection: Disconnected
[01:59:30] [Server thread/INFO]: D A T U left the game
[01:59:40] [Server thread/INFO]: <kim> putra dihantam creeper
[02:01:36] [Server thread/INFO]: <Shikimime> cari batu skuy
[02:01:42] [Server thread/INFO]: <Shikimime> mau bikin batu halus aku
[02:02:04] [Server thread/INFO]: <kim> aku nebang
[02:03:31] [Server thread/INFO]: <Shikimime> rik
[02:03:33] [Server thread/INFO]: <Shikimime> beli sadel
[02:03:41] [Server thread/INFO]: <Shikimime> kita cari wortel ke desa lain
[02:03:44] [Server thread/INFO]: <kim> cari 1 lagi buat putra
[02:03:51] [Server thread/INFO]: <Shikimime> lah kamu punya?
[02:04:02] [Server thread/INFO]: <kim> liat WA njing
[02:04:20] [Server thread/INFO]: <kim> skuy nangkap kuda
[02:04:35] [Server thread/INFO]: <Shikimime> jerami nya?
[02:07:10] [Server thread/WARN]: Horse moved wrongly!
[02:07:10] [Server thread/WARN]: Horse moved wrongly!
[02:07:10] [Server thread/WARN]: Horse moved wrongly!
[02:07:27] [Server thread/INFO]: <Shikimime> rik
[02:07:31] [Server thread/INFO]: <Shikimime> mineshaft
[02:07:38] [Server thread/INFO]: <kim> males
[02:07:45] [Server thread/INFO]: <Shikimime> kontol
[02:07:52] [Server thread/INFO]: <Shikimime> cuk
[02:07:55] [Server thread/INFO]: <Shikimime> minta tali
[02:09:18] [Server thread/INFO]: <Shikimime> tidur
[02:16:52] [Server thread/INFO]: <kim> kau ditambang cuk
[02:17:09] [Server thread/INFO]: <Shikimime> di tempat villager
[02:17:37] [Server thread/INFO]: <kim> aku mau kemineshaft
[02:18:13] [Server thread/INFO]: <Shikimime> aku lagi bikinin rumah
[02:18:20] [Server thread/INFO]: <Shikimime> biar pada nikah villager nya
[02:18:21] [Server thread/INFO]: <kim> tadi aku dengar suara kereta ditambangku
[02:18:36] [Server thread/INFO]: <Shikimime> aku dah dapat lokasinya
[02:18:56] [Server thread/WARN]: Fetching packet for removed entity awb['Cobblestone'/37886, l='world', x=-404.38, y=12.00, z=228.13]
[02:22:00] [Server thread/INFO]: kim has made the advancement [Hot Stuff]
[02:29:44] [Server thread/INFO]: <Shikimime> tidur rik
[02:29:50] [Server thread/INFO]: <kim> udh pagi
[02:29:53] [Server thread/INFO]: <kim> telat
[02:30:13] [Server thread/INFO]: <Shikimime> cepetan
[02:30:30] [Server thread/INFO]: <kim> kenapa anda menyimpan kuda dirumah putra
[02:31:19] [Server thread/INFO]: <Shikimime> awokwowko
[02:32:16] [Server thread/INFO]: <Shikimime> skuy
[02:32:20] [Server thread/INFO]: <Shikimime> mineshaft
[02:32:22] [Server thread/INFO]: <kim> ngapain>?
[02:34:56] [Server thread/INFO]: <Shikimime> ayo
[02:34:59] [Server thread/INFO]: <Shikimime> nyari harta karun
[02:35:02] [Server thread/INFO]: <kim> sek
[02:35:38] [Server thread/INFO]: <Shikimime> sek
[02:35:41] [Server thread/INFO]: <Shikimime> makanan kurang
[02:37:36] [Server thread/INFO]: <Shikimime> skuy
[02:37:42] [Server thread/INFO]: <Shikimime> follow me
[02:37:45] [Server thread/INFO]: <kim> aku dh ditambang
[02:37:54] [Server thread/INFO]: <Shikimime> bukan lewat situ bambang
[02:38:26] [Server thread/INFO]: <Shikimime> ayo rik
[02:39:29] [Server thread/INFO]: <kim> wtf
[02:41:50] [Server thread/INFO]: <kim> kenpa kita gk pakai dc
[02:41:58] [Server thread/INFO]: <Shikimime> ya hidupin
[02:58:53] [Server thread/INFO]: kim lost connection: Timed out
[02:58:53] [Server thread/INFO]: kim left the game
[02:58:53] [Server thread/WARN]: handleDisconnection() called twice
[02:59:05] [Server thread/INFO]: kim[/36.75.67.166:63870] logged in with entity id 43854 at (-493.82006360937027, 30.0, 116.31530097257394)
[02:59:05] [Server thread/INFO]: kim joined the game
[02:59:36] [Server thread/INFO]: kim lost connection: Timed out
[02:59:36] [Server thread/INFO]: kim left the game
[02:59:46] [Server thread/INFO]: kim[/36.75.67.166:16410] logged in with entity id 43921 at (-493.82006360937027, 30.0, 116.31530097257394)
[02:59:46] [Server thread/INFO]: kim joined the game
[03:00:17] [Server thread/INFO]: kim lost connection: Timed out
[03:00:17] [Server thread/INFO]: kim left the game
[03:00:53] [Server thread/INFO]: kim[/36.75.67.166:14752] logged in with entity id 44071 at (-493.82006360937027, 30.0, 116.31530097257394)
[03:00:53] [Server thread/INFO]: kim joined the game
[03:01:50] [Server thread/INFO]: kim lost connection: Disconnected
[03:01:50] [Server thread/INFO]: kim left the game
[03:01:58] [Server thread/INFO]: Shikimime lost connection: Disconnected
[03:01:58] [Server thread/INFO]: Shikimime left the game
